<?xml version="1.0" encoding="UTF-8"?>
<!-- Generated by org.testng.reporters.JUnitXMLReporter -->
<testsuite hostname="LAPTOP-0AN3T2SM" name="Test-Runner-1" tests="9" failures="0" timestamp="27 Jan 2020 14:04:52 GMT" time="244.237" errors="0">
  <testcase name="CampaignTest1" time="18.014" classname="CampaignTest.TestCampaign1"/>
  <testcase name="testStart" time="16.548" classname="ContactsTest.TestContact1"/>
  <testcase name="OrganizationTest1" time="15.122" classname="OrganizationTest.TestOrganization1"/>
  <testcase name="testStart" time="12.282" classname="ContactsTest.TestContact2"/>
  <testcase name="TestStart" time="18.947" classname="CampaignTest.CreateCampaignTest"/>
  <testcase name="CampaignTest2" time="14.791" classname="CampaignTest.TestCampaign2"/>
  <testcase name="OrganizationTest2" time="14.719" classname="OrganizationTest.TestOrganization2"/>
  <testcase name="testStart" time="14.963" classname="ContactsTest.CreateContactTest"/>
  <testcase name="TestStart" time="22.589" classname="OrganizationTest.CreateOrganizationTest"/>
</testsuite> <!-- Test-Runner-1 -->
