<?xml version="1.0" encoding="UTF-8"?>
<!-- Generated by org.testng.reporters.JUnitReportReporter -->
<testsuite hostname="LAPTOP-0AN3T2SM" name="ContactsTest.TestContact1" tests="1" failures="0" timestamp="27 Jan 2020 14:04:52 GMT" time="23.061" errors="0">
  <testcase name="testStart" time="23.061" classname="ContactsTest.TestContact1"/>
</testsuite> <!-- ContactsTest.TestContact1 -->
