<?xml version="1.0" encoding="UTF-8"?>
<!-- Generated by org.testng.reporters.JUnitReportReporter -->
<testsuite hostname="LAPTOP-0AN3T2SM" name="OrganizationTest.CreateOrganizationTest" tests="1" failures="0" timestamp="29 Jan 2020 15:54:09 GMT" time="28.014" errors="0">
  <testcase name="TestStart" time="28.014" classname="OrganizationTest.CreateOrganizationTest"/>
</testsuite> <!-- OrganizationTest.CreateOrganizationTest -->
