<?xml version="1.0" encoding="UTF-8"?>
<!-- Generated by org.testng.reporters.JUnitReportReporter -->
<testsuite hostname="LAPTOP-0AN3T2SM" name="CampaignTest.TestCampaign2" tests="1" failures="0" timestamp="27 Jan 2020 14:04:52 GMT" time="23.866" errors="0">
  <testcase name="CampaignTest2" time="23.866" classname="CampaignTest.TestCampaign2"/>
</testsuite> <!-- CampaignTest.TestCampaign2 -->
