<?xml version="1.0" encoding="UTF-8"?>
<!-- Generated by org.testng.reporters.JUnitReportReporter -->
<testsuite hostname="LAPTOP-0AN3T2SM" name="OrganizationTest.CreateOrganizationTest" tests="1" failures="0" timestamp="27 Jan 2020 14:04:52 GMT" time="31.429" errors="0">
  <testcase name="TestStart" time="31.429" classname="OrganizationTest.CreateOrganizationTest"/>
</testsuite> <!-- OrganizationTest.CreateOrganizationTest -->
